<?xml version="1.0" encoding="UTF-8"?>
<testsuite xmlns:xsi="http://www.w3.org/2001/XMLSchema-instance" xsi:noNamespaceSchemaLocation="https://maven.apache.org/surefire/maven-surefire-plugin/xsd/surefire-test-report-3.0.xsd" version="3.0" name="com.exacto.cliAuthentication.CliAuthenticationApplicationTests" time="7.067" tests="1" errors="0" skipped="0" failures="0">
  <properties>
[...]
</properties>
  <testcase name="contextLoads" classname="com.exacto.cliAuthentication.CliAuthenticationApplicationTests" time="0.76">
    <system-out><![CDATA[14:47:11.518 [main] INFO org.springframework.test.context.support.AnnotationConfigContextLoaderUtils -- Could not detect default configuration classes for test class [com.exacto.cliAuthentication.CliAuthenticationApplicationTests]: CliAuthenticationApplicationTests does not declare any static, non-private, non-final, nested classes annotated with @Configuration.
14:47:11.652 [main] INFO org.springframework.boot.test.context.SpringBootTestContextBootstrapper -- Found @SpringBootConfiguration com.exacto.cliAuthentication.CliAuthenticationApplication for test class com.exacto.cliAuthentication.CliAuthenticationApplicationTests
14:47:11.986 [main] INFO org.springframework.boot.devtools.restart.RestartApplicationListener -- Restart disabled due to context in which it is running

  .   ____          _            __ _ _
 /\\ / ___'_ __ _ _(_)_ __  __ _ \ \ \ \
( ( )\___ | '_ | '_| | '_ \/ _` | \ \ \ \
 \\/  ___)| |_)| | | | | || (_| |  ) ) ) )
  '  |____| .__|_| |_|_| |_\__, | / / / /
 =========|_|==============|___/=/_/_/_/
 :: Spring Boot ::                (v3.1.5)

2023-12-06T14:47:12.371+05:30  INFO 15584 --- [           main] c.e.c.CliAuthenticationApplicationTests  : Starting CliAuthenticationApplicationTests using Java 17.0.7 with PID 15584 (started by LENOVO in C:\Users\LENOVO\Desktop\Turrent\Turret\genJavaTurret\genJava)
2023-12-06T14:47:12.373+05:30  INFO 15584 --- [           main] c.e.c.CliAuthenticationApplicationTests  : No active profile set, falling back to 1 default profile: "default"
2023-12-06T14:47:13.322+05:30  INFO 15584 --- [           main] .s.d.r.c.RepositoryConfigurationDelegate : Bootstrapping Spring Data JPA repositories in DEFAULT mode.
2023-12-06T14:47:13.403+05:30  INFO 15584 --- [           main] .s.d.r.c.RepositoryConfigurationDelegate : Finished Spring Data repository scanning in 66 ms. Found 2 JPA repository interfaces.
2023-12-06T14:47:14.075+05:30  INFO 15584 --- [           main] o.hibernate.jpa.internal.util.LogHelper  : HHH000204: Processing PersistenceUnitInfo [name: default]
2023-12-06T14:47:14.185+05:30  INFO 15584 --- [           main] org.hibernate.Version                    : HHH000412: Hibernate ORM core version 6.2.13.Final
2023-12-06T14:47:14.188+05:30  INFO 15584 --- [           main] org.hibernate.cfg.Environment            : HHH000406: Using bytecode reflection optimizer
2023-12-06T14:47:14.576+05:30  INFO 15584 --- [           main] o.s.o.j.p.SpringPersistenceUnitInfo      : No LoadTimeWeaver setup: ignoring JPA class transformer
2023-12-06T14:47:14.609+05:30  INFO 15584 --- [           main] com.zaxxer.hikari.HikariDataSource       : HikariPool-1 - Starting...
2023-12-06T14:47:15.193+05:30  INFO 15584 --- [           main] com.zaxxer.hikari.pool.HikariPool        : HikariPool-1 - Added connection com.mysql.cj.jdbc.ConnectionImpl@7845b21a
2023-12-06T14:47:15.195+05:30  INFO 15584 --- [           main] com.zaxxer.hikari.HikariDataSource       : HikariPool-1 - Start completed.
2023-12-06T14:47:15.244+05:30  WARN 15584 --- [           main] org.hibernate.orm.deprecation            : HHH90000025: MySQL8Dialect does not need to be specified explicitly using 'hibernate.dialect' (remove the property setting and it will be selected by default)
2023-12-06T14:47:15.245+05:30  WARN 15584 --- [           main] org.hibernate.orm.deprecation            : HHH90000026: MySQL8Dialect has been deprecated; use org.hibernate.dialect.MySQLDialect instead
2023-12-06T14:47:16.340+05:30  INFO 15584 --- [           main] o.h.e.t.j.p.i.JtaPlatformInitiator       : HHH000489: No JTA platform available (set 'hibernate.transaction.jta.platform' to enable JTA platform integration)
2023-12-06T14:47:16.389+05:30  INFO 15584 --- [           main] j.LocalContainerEntityManagerFactoryBean : Initialized JPA EntityManagerFactory for persistence unit 'default'
2023-12-06T14:47:17.560+05:30  INFO 15584 --- [           main] c.e.c.CliAuthenticationApplicationTests  : Started CliAuthenticationApplicationTests in 5.597 seconds (process running for 7.147)
]]></system-out>
  </testcase>
</testsuite>